#
# There is insufficient memory for the Java Runtime Environment to continue.
# Native memory allocation (mmap) failed to map 132120576 bytes for G1 virtual space
# Possible reasons:
#   The system is out of physical RAM or swap space
#   The process is running with CompressedOops enabled, and the Java Heap may be blocking the growth of the native heap
# Possible solutions:
#   Reduce memory load on the system
#   Increase physical memory or swap space
#   Check if swap backing store is full
#   Decrease Java heap size (-Xmx/-Xms)
#   Decrease number of Java threads
#   Decrease Java thread stack sizes (-Xss)
#   Set larger code cache with -XX:ReservedCodeCacheSize=
#   JVM is running with Unscaled Compressed Oops mode in which the Java heap is
#     placed in the first 4GB address space. The Java Heap base address is the
#     maximum limit for the native heap growth. Please use -XX:HeapBaseMinAddress
#     to set the Java Heap base and to place the Java Heap above 4GB virtual address.
# This output file may be truncated or incomplete.
#
#  Out of Memory Error (os_windows.cpp:3550), pid=17976, tid=22732
#
# JRE version:  (17.0.7+8) (build )
# Java VM: Java HotSpot(TM) 64-Bit Server VM (17.0.7+8-LTS-224, mixed mode, sharing, tiered, compressed oops, compressed class ptrs, g1 gc, windows-amd64)
# No core dump will be written. Minidumps are not enabled by default on client versions of Windows
#

---------------  S U M M A R Y ------------

Command Line: -Dfile.encoding=UTF-8 -XX:+ShowCodeDetailsInExceptionMessages banking6.BankingSystemMain

Host: Intel(R) Core(TM) i7-8550U CPU @ 1.80GHz, 8 cores, 7G,  Windows 11 , 64 bit Build 22621 (10.0.22621.1928)
Time: Wed Aug  9 12:06:48 2023 Korea Standard Time elapsed time: 0.046792 seconds (0d 0h 0m 0s)

---------------  T H R E A D  ---------------

Current thread (0x000001e9946da2c0):  JavaThread "Unknown thread" [_thread_in_vm, id=22732, stack(0x000000a7ddb00000,0x000000a7ddc00000)]

Stack: [0x000000a7ddb00000,0x000000a7ddc00000]
Native frames: (J=compiled Java code, j=interpreted, Vv=VM code, C=native code)
V  [jvm.dll+0x676a4a]
V  [jvm.dll+0x7d74f4]
V  [jvm.dll+0x7d8c9e]
V  [jvm.dll+0x7d9303]
V  [jvm.dll+0x2452c5]
V  [jvm.dll+0x6738f9]
V  [jvm.dll+0x668232]
V  [jvm.dll+0x302826]
V  [jvm.dll+0x309da6]
V  [jvm.dll+0x35952e]
V  [jvm.dll+0x35975f]
V  [jvm.dll+0x2d9a38]
V  [jvm.dll+0x2da9a4]
V  [jvm.dll+0x7a8fb1]
V  [jvm.dll+0x3670e1]
V  [jvm.dll+0x788359]
V  [jvm.dll+0x3ea5ef]
V  [jvm.dll+0x3ec071]
C  [jli.dll+0x5297]
C  [ucrtbase.dll+0x29363]
C  [KERNEL32.DLL+0x126ad]
C  [ntdll.dll+0x5aa68]


---------------  P R O C E S S  ---------------

Threads class SMR info:
_java_thread_list=0x00007ffcf9654998, length=0, elements={
}

Java Threads: ( => current thread )

Other Threads:
  0x000001e994733e30 GCTaskThread "GC Thread#0" [stack: 0x000000a7ddc00000,0x000000a7ddd00000] [id=36000]
  0x000001e994745170 ConcurrentGCThread "G1 Main Marker" [stack: 0x000000a7ddd00000,0x000000a7dde00000] [id=22348]
  0x000001e994746b90 ConcurrentGCThread "G1 Conc#0" [stack: 0x000000a7dde00000,0x000000a7ddf00000] [id=26460]

[error occurred during error reporting (printing all threads), id 0xc0000005, EXCEPTION_ACCESS_VIOLATION (0xc0000005) at pc=0x00007ffcf8e8a697]

VM state: not at safepoint (not fully initialized)

VM Mutex/Monitor currently owned by a thread:  ([mutex/lock_event])
[0x000001e9946d65d0] Heap_lock - owner thread: 0x000001e9946da2c0

Heap address: 0x0000000082800000, size: 2008 MB, Compressed Oops mode: 32-bit

CDS archive(s) mapped at: [0x0000000000000000-0x0000000000000000-0x0000000000000000), size 0, SharedBaseAddress: 0x0000000800000000, ArchiveRelocationMode: 0.
Narrow klass base: 0x0000000000000000, Narrow klass shift: 0, Narrow klass range: 0x0

GC Precious Log:
<Empty>

Heap:
 garbage-first heap   total 0K, used 0K [0x0000000082800000, 0x0000000100000000)
  region size 1024K, 0 young (0K), 0 survivors (0K)

[error occurred during error reporting (printing heap information), id 0xc0000005, EXCEPTION_ACCESS_VIOLATION (0xc0000005) at pc=0x00007ffcf92700b9]

GC Heap History (0 events):
No events

Deoptimization events (0 events):
No events

Classes unloaded (0 events):
No events

Classes redefined (0 events):
No events

Internal exceptions (0 events):
No events

VM Operations (0 events):
No events

Events (1 events):
Event: 0.035 Loaded shared library C:\01DevelopKits\jdk-17\bin\java.dll


Dynamic libraries:
0x00007ff6cc5d0000 - 0x00007ff6cc5e0000 	C:\01DevelopKits\jdk-17\bin\javaw.exe
0x00007ffd51050000 - 0x00007ffd51264000 	C:\WINDOWS\SYSTEM32\ntdll.dll
0x00007ffd4fa40000 - 0x00007ffd4fb02000 	C:\WINDOWS\System32\KERNEL32.DLL
0x00007ffd4e5a0000 - 0x00007ffd4e943000 	C:\WINDOWS\System32\KERNELBASE.dll
0x00007ffd4ea70000 - 0x00007ffd4eb81000 	C:\WINDOWS\System32\ucrtbase.dll
0x00007ffd47130000 - 0x00007ffd47149000 	C:\01DevelopKits\jdk-17\bin\jli.dll
0x00007ffd47110000 - 0x00007ffd4712b000 	C:\01DevelopKits\jdk-17\bin\VCRUNTIME140.dll
0x00007ffd4f900000 - 0x00007ffd4f9ae000 	C:\WINDOWS\System32\ADVAPI32.dll
0x00007ffd50ca0000 - 0x00007ffd50d47000 	C:\WINDOWS\System32\msvcrt.dll
0x00007ffd4f2d0000 - 0x00007ffd4f374000 	C:\WINDOWS\System32\sechost.dll
0x00007ffd50ef0000 - 0x00007ffd51007000 	C:\WINDOWS\System32\RPCRT4.dll
0x00007ffd4f6a0000 - 0x00007ffd4f84a000 	C:\WINDOWS\System32\USER32.dll
0x00007ffd4e570000 - 0x00007ffd4e596000 	C:\WINDOWS\System32\win32u.dll
0x00007ffd50470000 - 0x00007ffd50499000 	C:\WINDOWS\System32\GDI32.dll
0x00007ffd4e450000 - 0x00007ffd4e569000 	C:\WINDOWS\System32\gdi32full.dll
0x00007ffd4e9d0000 - 0x00007ffd4ea6a000 	C:\WINDOWS\System32\msvcp_win.dll
0x00007ffd27b00000 - 0x00007ffd27d8e000 	C:\WINDOWS\WinSxS\amd64_microsoft.windows.common-controls_6595b64144ccf1df_6.0.22621.1635_none_270f70857386168e\COMCTL32.dll
0x00007ffd3d3d0000 - 0x00007ffd3d3da000 	C:\WINDOWS\SYSTEM32\VERSION.dll
0x00007ffd4f4d0000 - 0x00007ffd4f501000 	C:\WINDOWS\System32\IMM32.DLL
0x00007ffd477e0000 - 0x00007ffd477ec000 	C:\01DevelopKits\jdk-17\bin\vcruntime140_1.dll
0x00007ffd3cd70000 - 0x00007ffd3cdfe000 	C:\01DevelopKits\jdk-17\bin\msvcp140.dll
0x00007ffcf8ba0000 - 0x00007ffcf977d000 	C:\01DevelopKits\jdk-17\bin\server\jvm.dll
0x00007ffd50d50000 - 0x00007ffd50d58000 	C:\WINDOWS\System32\PSAPI.DLL
0x00007ffd44ed0000 - 0x00007ffd44f04000 	C:\WINDOWS\SYSTEM32\WINMM.dll
0x00007ffd3aa30000 - 0x00007ffd3aa39000 	C:\WINDOWS\SYSTEM32\WSOCK32.dll
0x00007ffd50e70000 - 0x00007ffd50ee1000 	C:\WINDOWS\System32\WS2_32.dll
0x00007ffd4d490000 - 0x00007ffd4d4a8000 	C:\WINDOWS\SYSTEM32\kernel.appcore.dll
0x00007ffd3d380000 - 0x00007ffd3d38a000 	C:\01DevelopKits\jdk-17\bin\jimage.dll
0x00007ffd4be60000 - 0x00007ffd4c08e000 	C:\WINDOWS\SYSTEM32\DBGHELP.DLL
0x00007ffd4ef30000 - 0x00007ffd4f2b9000 	C:\WINDOWS\System32\combase.dll
0x00007ffd4f380000 - 0x00007ffd4f457000 	C:\WINDOWS\System32\OLEAUT32.dll
0x00007ffd36a90000 - 0x00007ffd36ac2000 	C:\WINDOWS\SYSTEM32\dbgcore.DLL
0x00007ffd4e950000 - 0x00007ffd4e9ca000 	C:\WINDOWS\System32\bcryptPrimitives.dll
0x00007ffd3cf50000 - 0x00007ffd3cf75000 	C:\01DevelopKits\jdk-17\bin\java.dll

dbghelp: loaded successfully - version: 4.0.5 - missing functions: none
symbol engine: initialized successfully - sym options: 0x614 - pdb path: .;C:\01DevelopKits\jdk-17\bin;C:\WINDOWS\SYSTEM32;C:\WINDOWS\WinSxS\amd64_microsoft.windows.common-controls_6595b64144ccf1df_6.0.22621.1635_none_270f70857386168e;C:\01DevelopKits\jdk-17\bin\server

VM Arguments:
jvm_args: -Dfile.encoding=UTF-8 -XX:+ShowCodeDetailsInExceptionMessages 
java_command: banking6.BankingSystemMain
java_class_path (initial): C:\02Workspaces\JavaConsoleProject\bin
Launcher Type: SUN_STANDARD

[Global flags]
     intx CICompilerCount                          = 4                                         {product} {ergonomic}
     uint ConcGCThreads                            = 2                                         {product} {ergonomic}
     uint G1ConcRefinementThreads                  = 8                                         {product} {ergonomic}
   size_t G1HeapRegionSize                         = 1048576                                   {product} {ergonomic}
    uintx GCDrainStackTargetSize                   = 64                                        {product} {ergonomic}
   size_t InitialHeapSize                          = 132120576                                 {product} {ergonomic}
   size_t MarkStackSize                            = 4194304                                   {product} {ergonomic}
   size_t MaxHeapSize                              = 2105540608                                {product} {ergonomic}
   size_t MinHeapDeltaBytes                        = 1048576                                   {product} {ergonomic}
   size_t MinHeapSize                              = 8388608                                   {product} {ergonomic}
    uintx NonNMethodCodeHeapSize                   = 5839372                                {pd product} {ergonomic}
    uintx NonProfiledCodeHeapSize                  = 122909434                              {pd product} {ergonomic}
    uintx ProfiledCodeHeapSize                     = 122909434                              {pd product} {ergonomic}
    uintx ReservedCodeCacheSize                    = 251658240                              {pd product} {ergonomic}
     bool SegmentedCodeCache                       = true                                      {product} {ergonomic}
     bool ShowCodeDetailsInExceptionMessages       = true                                   {manageable} {command line}
   size_t SoftMaxHeapSize                          = 2105540608                             {manageable} {ergonomic}
     bool UseCompressedClassPointers               = true                           {product lp64_product} {ergonomic}
     bool UseCompressedOops                        = true                           {product lp64_product} {ergonomic}
     bool UseG1GC                                  = true                                      {product} {ergonomic}
     bool UseLargePagesIndividualAllocation        = false                                  {pd product} {ergonomic}

Logging:
Log output configuration:
 #0: stdout all=warning uptime,level,tags
 #1: stderr all=off uptime,level,tags

Environment Variables:
JAVA_HOME=C:\01DevelopKits\jdk-17
PATH=C:/01DevelopKits/eclipse//plugins/org.eclipse.justj.openjdk.hotspot.jre.full.win32.x86_64_17.0.7.v20230425-1502/jre/bin/server;C:/01DevelopKits/eclipse//plugins/org.eclipse.justj.openjdk.hotspot.jre.full.win32.x86_64_17.0.7.v20230425-1502/jre/bin;C:\01DevelopKits\OracleXE21c\dbhomeXE\bin;C:\Program Files\Common Files\Oracle\Java\javapath;C:\WINDOWS\system32;C:\WINDOWS;C:\WINDOWS\System32\Wbem;C:\WINDOWS\System32\WindowsPowerShell\v1.0\;C:\WINDOWS\System32\OpenSSH\;C:\Program Files (x86)\QuickTime\QTSystem\;C:\Bitnami\wampstack-7.1.27-2\mysql\bin;C:\Program Files\Intel\WiFi\bin\;C:\Program Files\Common Files\Intel\WirelessCommon\;C:\Program Files\dotnet\;C:\WINDOWS\system32;C:\WINDOWS;C:\WINDOWS\System32\Wbem;C:\WINDOWS\System32\WindowsPowerShell\v1.0\;C:\WINDOWS\System32\OpenSSH\;C:\01DevelopKits\jdk-17\bin;C:\Python311\Scripts\;C:\Python311\;C:\Users\ehkang-PC\AppData\Local\Microsoft\WindowsApps;C:\Program Files\JetBrains\PhpStorm 2019.1\bin;C:\Users\ehkang-PC\AppData\Local\atom\bin;C:\Users\ehkang-PC\AppData\Local\Microsoft\WindowsApps;C:\Program Files\Intel\WiFi\bin\;C:\Program Files\Common Files\Intel\WirelessCommon\;C:\01DevelopKits\Git\cmd;C:\01DevelopKits\Microsoft VS Code\bin;C:\01DevelopKits\eclipse;
USERNAME=ehkang-PC
OS=Windows_NT
PROCESSOR_IDENTIFIER=Intel64 Family 6 Model 142 Stepping 10, GenuineIntel



---------------  S Y S T E M  ---------------

OS:
 Windows 11 , 64 bit Build 22621 (10.0.22621.1928)
OS uptime: 7 days 20:50 hours

CPU: total 8 (initial active 8) (4 cores per cpu, 2 threads per core) family 6 model 142 stepping 10 microcode 0xe0, cx8, cmov, fxsr, ht, mmx, 3dnowpref, sse, sse2, sse3, ssse3, sse4.1, sse4.2, popcnt, lzcnt, tsc, tscinvbit, avx, avx2, aes, erms, clmul, bmi1, bmi2, adx, fma, vzeroupper, clflush, clflushopt

Memory: 4k page, system-wide physical 8025M (323M free)
TotalPageFile size 32601M (AvailPageFile size 59M)
current process WorkingSet (physical memory assigned to process): 11M, peak: 11M
current process commit charge ("private bytes"): 60M, peak: 186M

vm_info: Java HotSpot(TM) 64-Bit Server VM (17.0.7+8-LTS-224) for windows-amd64 JRE (17.0.7+8-LTS-224), built on Feb 28 2023 23:03:02 by "mach5one" with MS VC++ 17.1 (VS2022)

END.
